{"/Users/nandininayak/Documents/LESSONS/TESTING/lesson_1/source/index.js": {"path":"/Users/nandininayak/Documents/LESSONS/TESTING/lesson_1/source/index.js","statementMap":{"0":{"start":{"line":3,"column":4},"end":{"line":5,"column":5}},"1":{"start":{"line":4,"column":8},"end":{"line":4,"column":24}},"2":{"start":{"line":8,"column":4},"end":{"line":10,"column":5}},"3":{"start":{"line":9,"column":8},"end":{"line":9,"column":70}},"4":{"start":{"line":13,"column":4},"end":{"line":15,"column":5}},"5":{"start":{"line":14,"column":8},"end":{"line":14,"column":61}},"6":{"start":{"line":17,"column":24},"end":{"line":17,"column":26}},"7":{"start":{"line":18,"column":4},"end":{"line":20,"column":5}},"8":{"start":{"line":18,"column":21},"end":{"line":18,"column":22}},"9":{"start":{"line":19,"column":8},"end":{"line":19,"column":33}},"10":{"start":{"line":21,"column":4},"end":{"line":21,"column":25}},"11":{"start":{"line":24,"column":0},"end":{"line":26,"column":1}}},"fnMap":{"0":{"name":"repeatMessage","decl":{"start":{"line":1,"column":9},"end":{"line":1,"column":22}},"loc":{"start":{"line":1,"column":48},"end":{"line":22,"column":1}},"line":1}},"branchMap":{"0":{"loc":{"start":{"line":1,"column":32},"end":{"line":1,"column":47}},"type":"default-arg","locations":[{"start":{"line":1,"column":46},"end":{"line":1,"column":47}}],"line":1},"1":{"loc":{"start":{"line":3,"column":4},"end":{"line":5,"column":5}},"type":"if","locations":[{"start":{"line":3,"column":4},"end":{"line":5,"column":5}},{"start":{"line":3,"column":4},"end":{"line":5,"column":5}}],"line":3},"2":{"loc":{"start":{"line":8,"column":4},"end":{"line":10,"column":5}},"type":"if","locations":[{"start":{"line":8,"column":4},"end":{"line":10,"column":5}},{"start":{"line":8,"column":4},"end":{"line":10,"column":5}}],"line":8},"3":{"loc":{"start":{"line":13,"column":4},"end":{"line":15,"column":5}},"type":"if","locations":[{"start":{"line":13,"column":4},"end":{"line":15,"column":5}},{"start":{"line":13,"column":4},"end":{"line":15,"column":5}}],"line":13},"4":{"loc":{"start":{"line":13,"column":8},"end":{"line":13,"column":47}},"type":"binary-expr","locations":[{"start":{"line":13,"column":8},"end":{"line":13,"column":16}},{"start":{"line":13,"column":20},"end":{"line":13,"column":47}}],"line":13}},"s":{"0":12,"1":4,"2":12,"3":1,"4":11,"5":5,"6":6,"7":6,"8":6,"9":8,"10":6,"11":1},"f":{"0":12},"b":{"0":[1],"1":[4,8],"2":[1,11],"3":[5,6],"4":[11,7]},"_coverageSchema":"1a1c01bbd47fc00a2c39e90264f33305004495a9","hash":"61ed7eddffc2916c2ce3197669281cbf4716afd3"}
}
